<?xml version="1.0" encoding="UTF-8"?>
<!-- Generated by org.testng.reporters.JUnitReportReporter -->
<testsuite hostname="DESKTOP-S1I3CQC" failures="0" tests="1" name="com.run.Runner" time="0.248" errors="1" timestamp="2024-03-20T10:37:32 IST" skipped="0">
  <testcase classname="com.run.Runner" name="runScenario" time="0.248">
    <error message="Cannot invoke &quot;org.openqa.selenium.SearchContext.findElement(org.openqa.selenium.By)&quot; because &quot;this.searchContext&quot; is null" type="java.lang.NullPointerException">
      <![CDATA[java.lang.NullPointerException: Cannot invoke "org.openqa.selenium.SearchContext.findElement(org.openqa.selenium.By)" because "this.searchContext" is null
at org.openqa.selenium.support.pagefactory.DefaultElementLocator.findElement(DefaultElementLocator.java:68)
at org.openqa.selenium.support.pagefactory.internal.LocatingElementHandler.invoke(LocatingElementHandler.java:38)
at jdk.proxy2/jdk.proxy2.$Proxy26.sendKeys(Unknown Source)
at com.page.Login.senduser(Login.java:35)
at com.step.Step.open_chrome_browser(Step.java:29)
at âœ½.open chrome browser(file:///D:/New%20folder/src/test/resources/features/login.feature:25)
]]>
    </error>
  </testcase> <!-- runScenario -->
</testsuite> <!-- com.run.Runner -->
